<?xml version="1.0" encoding="UTF-8"?>
<!-- Generated by org.testng.reporters.JUnitReportReporter -->
<testsuite hostname="LAPTOP-ATNFO35U" failures="0" tests="2" name="com.qa.bw.pagetest.BestSellerPageTest" time="46.536" errors="0" timestamp="04 Apr 2023 06:50:30 GMT" skipped="0">
  <testcase classname="com.qa.bw.pagetest.BestSellerPageTest" name="bestSellerLogoTest" time="17.272"/>
  <testcase classname="com.qa.bw.pagetest.BestSellerPageTest" name="buyBookTest" time="29.264"/>
</testsuite> <!-- com.qa.bw.pagetest.BestSellerPageTest -->
