<?xml version="1.0" encoding="UTF-8"?>
<!-- Generated by org.testng.reporters.JUnitReportReporter -->
<testsuite hostname="LAPTOP-ATNFO35U" failures="0" tests="3" name="com.qa.bw.pagetest.MyAccountPageTest" time="45.642" errors="0" timestamp="04 Apr 2023 06:50:30 GMT" skipped="0">
  <testcase classname="com.qa.bw.pagetest.MyAccountPageTest" name="myAccountTitleTest" time="13.882"/>
  <testcase classname="com.qa.bw.pagetest.MyAccountPageTest" name="myAccountLogoTest" time="15.786"/>
  <testcase classname="com.qa.bw.pagetest.MyAccountPageTest" name="addAddress_MyAccount_Test" time="15.974"/>
</testsuite> <!-- com.qa.bw.pagetest.MyAccountPageTest -->
