<?xml version="1.0" encoding="UTF-8"?>
<!-- Generated by org.testng.reporters.JUnitReportReporter -->
<testsuite hostname="LAPTOP-ATNFO35U" failures="0" tests="2" name="com.qa.bw.pagetest.LoginPageTest" time="27.054" errors="0" timestamp="04 Apr 2023 06:50:30 GMT" skipped="0">
  <testcase classname="com.qa.bw.pagetest.LoginPageTest" name="loginPageTitleTest" time="12.658"/>
  <testcase classname="com.qa.bw.pagetest.LoginPageTest" name="LoginTest" time="14.396"/>
</testsuite> <!-- com.qa.bw.pagetest.LoginPageTest -->
