<?xml version="1.0" encoding="UTF-8"?>
<!-- Generated by org.testng.reporters.JUnitReportReporter -->
<testsuite hostname="LAPTOP-ATNFO35U" failures="0" tests="1" name="com.qa.bw.pagetest.SignUpPageTest" time="24.943" errors="0" timestamp="04 Apr 2023 06:50:30 GMT" skipped="0">
  <testcase classname="com.qa.bw.pagetest.SignUpPageTest" name="SignUpTest" time="24.943"/>
</testsuite> <!-- com.qa.bw.pagetest.SignUpPageTest -->
