<?xml version="1.0" encoding="UTF-8"?>
<!-- Generated by org.testng.reporters.JUnitReportReporter -->
<testsuite hostname="LAPTOP-ATNFO35U" failures="0" tests="1" name="com.qa.bw.pagetest.SearchPageTest" time="24.024" errors="0" timestamp="04 Apr 2023 06:50:30 GMT" skipped="0">
  <testcase classname="com.qa.bw.pagetest.SearchPageTest" name="searchBookTest" time="24.024"/>
</testsuite> <!-- com.qa.bw.pagetest.SearchPageTest -->
